app/build/intermediates/manifest_merge_blame_file/debug/manifest-merger-blame-debug-report.txt
1<?xml version="1.0" encoding="utf-8"?>
2<manifest xmlns:android="http://schemas.android.com/apk/res/android"
3    package="com.example.ambassadorpass"
4    android:versionCode="1"
5    android:versionName="1.0" >
6
7    <uses-sdk
8        android:minSdkVersion="24"
9        android:targetSdkVersion="34" />
10
11    <uses-permission android:name="android.permission.INTERNET" />
11-->src\main\AndroidManifest.xml:5:5-67
11-->src\main\AndroidManifest.xml:5:22-64
12    <uses-permission android:name="android.permission.ACCESS_NETWORK_STATE" />
12-->src\main\AndroidManifest.xml:6:5-79
12-->src\main\AndroidManifest.xml:6:22-76
13    <uses-permission android:name="android.permission.READ_EXTERNAL_STORAGE" />
13-->src\main\AndroidManifest.xml:7:5-80
13-->src\main\AndroidManifest.xml:7:22-77
14    <uses-permission android:name="android.permission.WRITE_EXTERNAL_STORAGE" />
14-->src\main\AndroidManifest.xml:8:5-81
14-->src\main\AndroidManifest.xml:8:22-78
15    <uses-permission android:name="com.google.android.providers.gsf.permission.READ_GSERVICES" />
15-->[com.google.android.recaptcha:recaptcha:18.5.1] AndroidManifest.xml:9:5-98
15-->[com.google.android.recaptcha:recaptcha:18.5.1] AndroidManifest.xml:9:22-95
16
17    <permission
17-->[androidx.core:core:1.13.0] AndroidManifest.xml:22:5-24:47
18        android:name="com.example.ambassadorpass.DYNAMIC_RECEIVER_NOT_EXPORTED_PERMISSION"
18-->[androidx.core:core:1.13.0] AndroidManifest.xml:23:9-81
19        android:protectionLevel="signature" />
19-->[androidx.core:core:1.13.0] AndroidManifest.xml:24:9-44
20
21    <uses-permission android:name="com.example.ambassadorpass.DYNAMIC_RECEIVER_NOT_EXPORTED_PERMISSION" />
21-->[androidx.core:core:1.13.0] AndroidManifest.xml:26:5-97
21-->[androidx.core:core:1.13.0] AndroidManifest.xml:26:22-94
22    <uses-permission android:name="android.permission.CAMERA" /> <!-- Don't require camera, as this requires a rear camera. This allows it to work on the Nexus 7 -->
22-->[com.journeyapps:zxing-android-embedded:4.3.0] AndroidManifest.xml:22:5-65
22-->[com.journeyapps:zxing-android-embedded:4.3.0] AndroidManifest.xml:22:22-62
23    <uses-feature
23-->[com.journeyapps:zxing-android-embedded:4.3.0] AndroidManifest.xml:25:5-27:36
24        android:name="android.hardware.camera"
24-->[com.journeyapps:zxing-android-embedded:4.3.0] AndroidManifest.xml:26:9-47
25        android:required="false" />
25-->[com.journeyapps:zxing-android-embedded:4.3.0] AndroidManifest.xml:27:9-33
26    <uses-feature
26-->[com.journeyapps:zxing-android-embedded:4.3.0] AndroidManifest.xml:28:5-30:36
27        android:name="android.hardware.camera.front"
27-->[com.journeyapps:zxing-android-embedded:4.3.0] AndroidManifest.xml:29:9-53
28        android:required="false" /> <!-- TODO replace above two with next line after Android 4.2 -->
28-->[com.journeyapps:zxing-android-embedded:4.3.0] AndroidManifest.xml:30:9-33
29    <!-- <uses-feature android:name="android.hardware.camera.any"/> -->
30    <uses-feature
30-->[com.journeyapps:zxing-android-embedded:4.3.0] AndroidManifest.xml:33:5-35:36
31        android:name="android.hardware.camera.autofocus"
31-->[com.journeyapps:zxing-android-embedded:4.3.0] AndroidManifest.xml:34:9-57
32        android:required="false" />
32-->[com.journeyapps:zxing-android-embedded:4.3.0] AndroidManifest.xml:35:9-33
33    <uses-feature
33-->[com.journeyapps:zxing-android-embedded:4.3.0] AndroidManifest.xml:36:5-38:36
34        android:name="android.hardware.camera.flash"
34-->[com.journeyapps:zxing-android-embedded:4.3.0] AndroidManifest.xml:37:9-53
35        android:required="false" />
35-->[com.journeyapps:zxing-android-embedded:4.3.0] AndroidManifest.xml:38:9-33
36    <uses-feature
36-->[com.journeyapps:zxing-android-embedded:4.3.0] AndroidManifest.xml:39:5-41:36
37        android:name="android.hardware.screen.landscape"
37-->[com.journeyapps:zxing-android-embedded:4.3.0] AndroidManifest.xml:40:9-57
38        android:required="false" />
38-->[com.journeyapps:zxing-android-embedded:4.3.0] AndroidManifest.xml:41:9-33
39    <uses-feature
39-->[com.journeyapps:zxing-android-embedded:4.3.0] AndroidManifest.xml:42:5-44:36
40        android:name="android.hardware.wifi"
40-->[com.journeyapps:zxing-android-embedded:4.3.0] AndroidManifest.xml:43:9-45
41        android:required="false" />
41-->[com.journeyapps:zxing-android-embedded:4.3.0] AndroidManifest.xml:44:9-33
42
43    <application
43-->src\main\AndroidManifest.xml:10:5-78:19
44        android:allowBackup="true"
44-->src\main\AndroidManifest.xml:11:9-35
45        android:appComponentFactory="androidx.core.app.CoreComponentFactory"
45-->[androidx.core:core:1.13.0] AndroidManifest.xml:28:18-86
46        android:dataExtractionRules="@xml/data_extraction_rules"
46-->src\main\AndroidManifest.xml:12:9-65
47        android:debuggable="true"
48        android:extractNativeLibs="false"
49        android:fullBackupContent="@xml/backup_rules"
49-->src\main\AndroidManifest.xml:13:9-54
50        android:icon="@mipmap/ic_launcher"
50-->src\main\AndroidManifest.xml:14:9-43
51        android:label="@string/app_name"
51-->src\main\AndroidManifest.xml:15:9-41
52        android:roundIcon="@mipmap/ic_launcher_round"
52-->src\main\AndroidManifest.xml:16:9-54
53        android:supportsRtl="true"
53-->src\main\AndroidManifest.xml:17:9-35
54        android:testOnly="true"
55        android:theme="@style/Theme.AmbassadorPass" >
55-->src\main\AndroidManifest.xml:18:9-52
56        <activity
56-->src\main\AndroidManifest.xml:20:9-22:40
57            android:name="com.example.ambassadorpass.view.NewPassword"
57-->src\main\AndroidManifest.xml:21:13-45
58            android:exported="false" />
58-->src\main\AndroidManifest.xml:22:13-37
59        <activity
59-->src\main\AndroidManifest.xml:23:9-25:40
60            android:name="com.example.ambassadorpass.view.user.PageFiveActivity"
60-->src\main\AndroidManifest.xml:24:13-55
61            android:exported="false" />
61-->src\main\AndroidManifest.xml:25:13-37
62        <activity
62-->src\main\AndroidManifest.xml:26:9-28:40
63            android:name="com.example.ambassadorpass.view.user.PageFourActivity"
63-->src\main\AndroidManifest.xml:27:13-55
64            android:exported="false" />
64-->src\main\AndroidManifest.xml:28:13-37
65        <activity
65-->src\main\AndroidManifest.xml:29:9-31:40
66            android:name="com.example.ambassadorpass.view.user.PageThreeActivity"
66-->src\main\AndroidManifest.xml:30:13-56
67            android:exported="false" />
67-->src\main\AndroidManifest.xml:31:13-37
68        <activity
68-->src\main\AndroidManifest.xml:32:9-34:40
69            android:name="com.example.ambassadorpass.view.user.PageTwoActivity"
69-->src\main\AndroidManifest.xml:33:13-54
70            android:exported="false" />
70-->src\main\AndroidManifest.xml:34:13-37
71        <activity
71-->src\main\AndroidManifest.xml:35:9-43:20
72            android:name="com.example.ambassadorpass.view.SplashActivity"
72-->src\main\AndroidManifest.xml:36:13-48
73            android:exported="true" >
73-->src\main\AndroidManifest.xml:37:13-36
74            <intent-filter>
74-->src\main\AndroidManifest.xml:38:13-42:29
75                <action android:name="android.intent.action.MAIN" />
75-->src\main\AndroidManifest.xml:39:17-69
75-->src\main\AndroidManifest.xml:39:25-66
76
77                <category android:name="android.intent.category.LAUNCHER" />
77-->src\main\AndroidManifest.xml:41:17-77
77-->src\main\AndroidManifest.xml:41:27-74
78            </intent-filter>
79        </activity>
80        <activity
80-->src\main\AndroidManifest.xml:44:9-46:40
81            android:name="com.example.ambassadorpass.view.IntroductionActivity"
81-->src\main\AndroidManifest.xml:45:13-54
82            android:exported="false" />
82-->src\main\AndroidManifest.xml:46:13-37
83        <activity
83-->src\main\AndroidManifest.xml:47:9-50:59
84            android:name="com.example.ambassadorpass.view.MainActivity"
84-->src\main\AndroidManifest.xml:48:13-46
85            android:exported="false"
85-->src\main\AndroidManifest.xml:49:13-37
86            android:theme="@style/Theme.AmbassadorPass" />
86-->src\main\AndroidManifest.xml:50:13-56
87        <activity
87-->src\main\AndroidManifest.xml:51:9-53:40
88            android:name="com.example.ambassadorpass.view.user.PartyPreviewActivity"
88-->src\main\AndroidManifest.xml:52:13-59
89            android:exported="false" />
89-->src\main\AndroidManifest.xml:53:13-37
90        <activity
90-->src\main\AndroidManifest.xml:54:9-56:40
91            android:name="com.example.ambassadorpass.view.admin.PhotoPreviewActivity"
91-->src\main\AndroidManifest.xml:55:13-60
92            android:exported="false" />
92-->src\main\AndroidManifest.xml:56:13-37
93        <activity
93-->src\main\AndroidManifest.xml:57:9-59:40
94            android:name="com.example.ambassadorpass.view.admin.CreateAdminActivity"
94-->src\main\AndroidManifest.xml:58:13-59
95            android:exported="false" />
95-->src\main\AndroidManifest.xml:59:13-37
96        <activity
96-->src\main\AndroidManifest.xml:60:9-62:40
97            android:name="com.example.ambassadorpass.view.admin.AssignAmbassadorsActivity"
97-->src\main\AndroidManifest.xml:61:13-65
98            android:exported="false" />
98-->src\main\AndroidManifest.xml:62:13-37
99        <activity
99-->src\main\AndroidManifest.xml:63:9-65:40
100            android:name="com.example.ambassadorpass.view.admin.CreatePartyActivity"
100-->src\main\AndroidManifest.xml:64:13-59
101            android:exported="false" />
101-->src\main\AndroidManifest.xml:65:13-37
102        <activity
102-->src\main\AndroidManifest.xml:66:9-68:40
103            android:name="com.example.ambassadorpass.view.LoginActivityAdmin"
103-->src\main\AndroidManifest.xml:67:13-52
104            android:exported="false" />
104-->src\main\AndroidManifest.xml:68:13-37
105        <activity
105-->src\main\AndroidManifest.xml:69:9-71:40
106            android:name="com.example.ambassadorpass.view.AmbassadorDashboard"
106-->src\main\AndroidManifest.xml:70:13-53
107            android:exported="false" />
107-->src\main\AndroidManifest.xml:71:13-37
108        <activity
108-->src\main\AndroidManifest.xml:72:9-74:40
109            android:name="com.example.ambassadorpass.view.admin.AdminDashboard"
109-->src\main\AndroidManifest.xml:73:13-54
110            android:exported="false" />
110-->src\main\AndroidManifest.xml:74:13-37
111        <activity
111-->src\main\AndroidManifest.xml:75:9-77:40
112            android:name="com.example.ambassadorpass.view.user.PageOneActivity"
112-->src\main\AndroidManifest.xml:76:13-54
113            android:exported="false" />
113-->src\main\AndroidManifest.xml:77:13-37
114
115        <service
115-->[com.google.firebase:firebase-storage-ktx:21.0.1] AndroidManifest.xml:9:9-15:19
116            android:name="com.google.firebase.components.ComponentDiscoveryService"
116-->[com.google.firebase:firebase-storage-ktx:21.0.1] AndroidManifest.xml:10:13-84
117            android:directBootAware="true"
117-->[com.google.firebase:firebase-common:21.0.0] AndroidManifest.xml:32:13-43
118            android:exported="false" >
118-->[com.google.firebase:firebase-storage-ktx:21.0.1] AndroidManifest.xml:11:13-37
119            <meta-data
119-->[com.google.firebase:firebase-storage-ktx:21.0.1] AndroidManifest.xml:12:13-14:85
120                android:name="com.google.firebase.components:com.google.firebase.storage.ktx.FirebaseStorageLegacyRegistrar"
120-->[com.google.firebase:firebase-storage-ktx:21.0.1] AndroidManifest.xml:13:17-125
121                android:value="com.google.firebase.components.ComponentRegistrar" />
121-->[com.google.firebase:firebase-storage-ktx:21.0.1] AndroidManifest.xml:14:17-82
122            <meta-data
122-->[com.google.firebase:firebase-database-ktx:21.0.0] AndroidManifest.xml:12:13-14:85
123                android:name="com.google.firebase.components:com.google.firebase.database.ktx.FirebaseDatabaseLegacyRegistrar"
123-->[com.google.firebase:firebase-database-ktx:21.0.0] AndroidManifest.xml:13:17-127
124                android:value="com.google.firebase.components.ComponentRegistrar" />
124-->[com.google.firebase:firebase-database-ktx:21.0.0] AndroidManifest.xml:14:17-82
125            <meta-data
125-->[com.google.firebase:firebase-firestore-ktx:25.1.1] AndroidManifest.xml:12:13-14:85
126                android:name="com.google.firebase.components:com.google.firebase.firestore.ktx.FirebaseFirestoreLegacyRegistrar"
126-->[com.google.firebase:firebase-firestore-ktx:25.1.1] AndroidManifest.xml:13:17-129
127                android:value="com.google.firebase.components.ComponentRegistrar" />
127-->[com.google.firebase:firebase-firestore-ktx:25.1.1] AndroidManifest.xml:14:17-82
128            <meta-data
128-->[com.google.firebase:firebase-storage:21.0.1] AndroidManifest.xml:30:13-32:85
129                android:name="com.google.firebase.components:com.google.firebase.storage.FirebaseStorageKtxRegistrar"
129-->[com.google.firebase:firebase-storage:21.0.1] AndroidManifest.xml:31:17-118
130                android:value="com.google.firebase.components.ComponentRegistrar" />
130-->[com.google.firebase:firebase-storage:21.0.1] AndroidManifest.xml:32:17-82
131            <meta-data
131-->[com.google.firebase:firebase-storage:21.0.1] AndroidManifest.xml:33:13-35:85
132                android:name="com.google.firebase.components:com.google.firebase.storage.StorageRegistrar"
132-->[com.google.firebase:firebase-storage:21.0.1] AndroidManifest.xml:34:17-107
133                android:value="com.google.firebase.components.ComponentRegistrar" />
133-->[com.google.firebase:firebase-storage:21.0.1] AndroidManifest.xml:35:17-82
134            <meta-data
134-->[com.google.firebase:firebase-appcheck:18.0.0] AndroidManifest.xml:25:13-27:85
135                android:name="com.google.firebase.components:com.google.firebase.appcheck.FirebaseAppCheckKtxRegistrar"
135-->[com.google.firebase:firebase-appcheck:18.0.0] AndroidManifest.xml:26:17-120
136                android:value="com.google.firebase.components.ComponentRegistrar" />
136-->[com.google.firebase:firebase-appcheck:18.0.0] AndroidManifest.xml:27:17-82
137            <meta-data
137-->[com.google.firebase:firebase-appcheck:18.0.0] AndroidManifest.xml:28:13-30:85
138                android:name="com.google.firebase.components:com.google.firebase.appcheck.FirebaseAppCheckRegistrar"
138-->[com.google.firebase:firebase-appcheck:18.0.0] AndroidManifest.xml:29:17-117
139                android:value="com.google.firebase.components.ComponentRegistrar" />
139-->[com.google.firebase:firebase-appcheck:18.0.0] AndroidManifest.xml:30:17-82
140            <meta-data
140-->[com.google.firebase:firebase-auth-ktx:23.1.0] AndroidManifest.xml:11:13-13:85
141                android:name="com.google.firebase.components:com.google.firebase.auth.ktx.FirebaseAuthLegacyRegistrar"
141-->[com.google.firebase:firebase-auth-ktx:23.1.0] AndroidManifest.xml:12:17-119
142                android:value="com.google.firebase.components.ComponentRegistrar" />
142-->[com.google.firebase:firebase-auth-ktx:23.1.0] AndroidManifest.xml:13:17-82
143            <meta-data
143-->[com.google.firebase:firebase-database:21.0.0] AndroidManifest.xml:29:13-31:85
144                android:name="com.google.firebase.components:com.google.firebase.database.FirebaseDatabaseKtxRegistrar"
144-->[com.google.firebase:firebase-database:21.0.0] AndroidManifest.xml:30:17-120
145                android:value="com.google.firebase.components.ComponentRegistrar" />
145-->[com.google.firebase:firebase-database:21.0.0] AndroidManifest.xml:31:17-82
146            <meta-data
146-->[com.google.firebase:firebase-database:21.0.0] AndroidManifest.xml:32:13-34:85
147                android:name="com.google.firebase.components:com.google.firebase.database.DatabaseRegistrar"
147-->[com.google.firebase:firebase-database:21.0.0] AndroidManifest.xml:33:17-109
148                android:value="com.google.firebase.components.ComponentRegistrar" />
148-->[com.google.firebase:firebase-database:21.0.0] AndroidManifest.xml:34:17-82
149            <meta-data
149-->[com.google.firebase:firebase-firestore:25.1.1] AndroidManifest.xml:17:13-19:85
150                android:name="com.google.firebase.components:com.google.firebase.firestore.FirebaseFirestoreKtxRegistrar"
150-->[com.google.firebase:firebase-firestore:25.1.1] AndroidManifest.xml:18:17-122
151                android:value="com.google.firebase.components.ComponentRegistrar" />
151-->[com.google.firebase:firebase-firestore:25.1.1] AndroidManifest.xml:19:17-82
152            <meta-data
152-->[com.google.firebase:firebase-firestore:25.1.1] AndroidManifest.xml:20:13-22:85
153                android:name="com.google.firebase.components:com.google.firebase.firestore.FirestoreRegistrar"
153-->[com.google.firebase:firebase-firestore:25.1.1] AndroidManifest.xml:21:17-111
154                android:value="com.google.firebase.components.ComponentRegistrar" />
154-->[com.google.firebase:firebase-firestore:25.1.1] AndroidManifest.xml:22:17-82
155            <meta-data
155-->[com.google.firebase:firebase-auth:23.1.0] AndroidManifest.xml:69:13-71:85
156                android:name="com.google.firebase.components:com.google.firebase.auth.FirebaseAuthRegistrar"
156-->[com.google.firebase:firebase-auth:23.1.0] AndroidManifest.xml:70:17-109
157                android:value="com.google.firebase.components.ComponentRegistrar" />
157-->[com.google.firebase:firebase-auth:23.1.0] AndroidManifest.xml:71:17-82
158            <meta-data
158-->[com.google.firebase:firebase-common-ktx:21.0.0] AndroidManifest.xml:12:13-14:85
159                android:name="com.google.firebase.components:com.google.firebase.ktx.FirebaseCommonLegacyRegistrar"
159-->[com.google.firebase:firebase-common-ktx:21.0.0] AndroidManifest.xml:13:17-116
160                android:value="com.google.firebase.components.ComponentRegistrar" />
160-->[com.google.firebase:firebase-common-ktx:21.0.0] AndroidManifest.xml:14:17-82
161            <meta-data
161-->[com.google.firebase:firebase-common:21.0.0] AndroidManifest.xml:35:13-37:85
162                android:name="com.google.firebase.components:com.google.firebase.FirebaseCommonKtxRegistrar"
162-->[com.google.firebase:firebase-common:21.0.0] AndroidManifest.xml:36:17-109
163                android:value="com.google.firebase.components.ComponentRegistrar" />
163-->[com.google.firebase:firebase-common:21.0.0] AndroidManifest.xml:37:17-82
164        </service>
165
166        <activity
166-->[com.google.firebase:firebase-auth:23.1.0] AndroidManifest.xml:29:9-46:20
167            android:name="com.google.firebase.auth.internal.GenericIdpActivity"
167-->[com.google.firebase:firebase-auth:23.1.0] AndroidManifest.xml:30:13-80
168            android:excludeFromRecents="true"
168-->[com.google.firebase:firebase-auth:23.1.0] AndroidManifest.xml:31:13-46
169            android:exported="true"
169-->[com.google.firebase:firebase-auth:23.1.0] AndroidManifest.xml:32:13-36
170            android:launchMode="singleTask"
170-->[com.google.firebase:firebase-auth:23.1.0] AndroidManifest.xml:33:13-44
171            android:theme="@android:style/Theme.Translucent.NoTitleBar" >
171-->[com.google.firebase:firebase-auth:23.1.0] AndroidManifest.xml:34:13-72
172            <intent-filter>
172-->[com.google.firebase:firebase-auth:23.1.0] AndroidManifest.xml:35:13-45:29
173                <action android:name="android.intent.action.VIEW" />
173-->[com.google.firebase:firebase-auth:23.1.0] AndroidManifest.xml:36:17-69
173-->[com.google.firebase:firebase-auth:23.1.0] AndroidManifest.xml:36:25-66
174
175                <category android:name="android.intent.category.DEFAULT" />
175-->[com.google.firebase:firebase-auth:23.1.0] AndroidManifest.xml:38:17-76
175-->[com.google.firebase:firebase-auth:23.1.0] AndroidManifest.xml:38:27-73
176                <category android:name="android.intent.category.BROWSABLE" />
176-->[com.google.firebase:firebase-auth:23.1.0] AndroidManifest.xml:39:17-78
176-->[com.google.firebase:firebase-auth:23.1.0] AndroidManifest.xml:39:27-75
177
178                <data
178-->[com.google.firebase:firebase-auth:23.1.0] AndroidManifest.xml:41:17-44:51
179                    android:host="firebase.auth"
179-->[com.google.firebase:firebase-auth:23.1.0] AndroidManifest.xml:42:21-49
180                    android:path="/"
180-->[com.google.firebase:firebase-auth:23.1.0] AndroidManifest.xml:43:21-37
181                    android:scheme="genericidp" />
181-->[com.google.firebase:firebase-auth:23.1.0] AndroidManifest.xml:44:21-48
182            </intent-filter>
183        </activity>
184        <activity
184-->[com.google.firebase:firebase-auth:23.1.0] AndroidManifest.xml:47:9-64:20
185            android:name="com.google.firebase.auth.internal.RecaptchaActivity"
185-->[com.google.firebase:firebase-auth:23.1.0] AndroidManifest.xml:48:13-79
186            android:excludeFromRecents="true"
186-->[com.google.firebase:firebase-auth:23.1.0] AndroidManifest.xml:49:13-46
187            android:exported="true"
187-->[com.google.firebase:firebase-auth:23.1.0] AndroidManifest.xml:50:13-36
188            android:launchMode="singleTask"
188-->[com.google.firebase:firebase-auth:23.1.0] AndroidManifest.xml:51:13-44
189            android:theme="@android:style/Theme.Translucent.NoTitleBar" >
189-->[com.google.firebase:firebase-auth:23.1.0] AndroidManifest.xml:52:13-72
190            <intent-filter>
190-->[com.google.firebase:firebase-auth:23.1.0] AndroidManifest.xml:53:13-63:29
191                <action android:name="android.intent.action.VIEW" />
191-->[com.google.firebase:firebase-auth:23.1.0] AndroidManifest.xml:36:17-69
191-->[com.google.firebase:firebase-auth:23.1.0] AndroidManifest.xml:36:25-66
192
193                <category android:name="android.intent.category.DEFAULT" />
193-->[com.google.firebase:firebase-auth:23.1.0] AndroidManifest.xml:38:17-76
193-->[com.google.firebase:firebase-auth:23.1.0] AndroidManifest.xml:38:27-73
194                <category android:name="android.intent.category.BROWSABLE" />
194-->[com.google.firebase:firebase-auth:23.1.0] AndroidManifest.xml:39:17-78
194-->[com.google.firebase:firebase-auth:23.1.0] AndroidManifest.xml:39:27-75
195
196                <data
196-->[com.google.firebase:firebase-auth:23.1.0] AndroidManifest.xml:41:17-44:51
197                    android:host="firebase.auth"
197-->[com.google.firebase:firebase-auth:23.1.0] AndroidManifest.xml:42:21-49
198                    android:path="/"
198-->[com.google.firebase:firebase-auth:23.1.0] AndroidManifest.xml:43:21-37
199                    android:scheme="recaptcha" />
199-->[com.google.firebase:firebase-auth:23.1.0] AndroidManifest.xml:44:21-48
200            </intent-filter>
201        </activity>
202        <activity
202-->[androidx.compose.ui:ui-test-manifest:1.4.0] AndroidManifest.xml:23:9-25:39
203            android:name="androidx.activity.ComponentActivity"
203-->[androidx.compose.ui:ui-test-manifest:1.4.0] AndroidManifest.xml:24:13-63
204            android:exported="true" />
204-->[androidx.compose.ui:ui-test-manifest:1.4.0] AndroidManifest.xml:25:13-36
205        <activity
205-->[androidx.compose.ui:ui-tooling:1.4.0] AndroidManifest.xml:23:9-25:39
206            android:name="androidx.compose.ui.tooling.PreviewActivity"
206-->[androidx.compose.ui:ui-tooling:1.4.0] AndroidManifest.xml:24:13-71
207            android:exported="true" />
207-->[androidx.compose.ui:ui-tooling:1.4.0] AndroidManifest.xml:25:13-36
208
209        <service
209-->[androidx.credentials:credentials-play-services-auth:1.2.0-rc01] AndroidManifest.xml:24:9-32:19
210            android:name="androidx.credentials.playservices.CredentialProviderMetadataHolder"
210-->[androidx.credentials:credentials-play-services-auth:1.2.0-rc01] AndroidManifest.xml:25:13-94
211            android:enabled="true"
211-->[androidx.credentials:credentials-play-services-auth:1.2.0-rc01] AndroidManifest.xml:26:13-35
212            android:exported="false" >
212-->[androidx.credentials:credentials-play-services-auth:1.2.0-rc01] AndroidManifest.xml:27:13-37
213            <meta-data
213-->[androidx.credentials:credentials-play-services-auth:1.2.0-rc01] AndroidManifest.xml:29:13-31:104
214                android:name="androidx.credentials.CREDENTIAL_PROVIDER_KEY"
214-->[androidx.credentials:credentials-play-services-auth:1.2.0-rc01] AndroidManifest.xml:30:17-76
215                android:value="androidx.credentials.playservices.CredentialProviderPlayServicesImpl" />
215-->[androidx.credentials:credentials-play-services-auth:1.2.0-rc01] AndroidManifest.xml:31:17-101
216        </service>
217
218        <activity
218-->[androidx.credentials:credentials-play-services-auth:1.2.0-rc01] AndroidManifest.xml:34:9-41:20
219            android:name="androidx.credentials.playservices.HiddenActivity"
219-->[androidx.credentials:credentials-play-services-auth:1.2.0-rc01] AndroidManifest.xml:35:13-76
220            android:configChanges="orientation|screenSize|screenLayout|keyboardHidden"
220-->[androidx.credentials:credentials-play-services-auth:1.2.0-rc01] AndroidManifest.xml:36:13-87
221            android:enabled="true"
221-->[androidx.credentials:credentials-play-services-auth:1.2.0-rc01] AndroidManifest.xml:37:13-35
222            android:exported="false"
222-->[androidx.credentials:credentials-play-services-auth:1.2.0-rc01] AndroidManifest.xml:38:13-37
223            android:fitsSystemWindows="true"
223-->[androidx.credentials:credentials-play-services-auth:1.2.0-rc01] AndroidManifest.xml:39:13-45
224            android:theme="@style/Theme.Hidden" >
224-->[androidx.credentials:credentials-play-services-auth:1.2.0-rc01] AndroidManifest.xml:40:13-48
225        </activity>
226        <activity
226-->[com.google.android.gms:play-services-auth:20.7.0] AndroidManifest.xml:23:9-27:75
227            android:name="com.google.android.gms.auth.api.signin.internal.SignInHubActivity"
227-->[com.google.android.gms:play-services-auth:20.7.0] AndroidManifest.xml:24:13-93
228            android:excludeFromRecents="true"
228-->[com.google.android.gms:play-services-auth:20.7.0] AndroidManifest.xml:25:13-46
229            android:exported="false"
229-->[com.google.android.gms:play-services-auth:20.7.0] AndroidManifest.xml:26:13-37
230            android:theme="@android:style/Theme.Translucent.NoTitleBar" />
230-->[com.google.android.gms:play-services-auth:20.7.0] AndroidManifest.xml:27:13-72
231        <!--
232            Service handling Google Sign-In user revocation. For apps that do not integrate with
233            Google Sign-In, this service will never be started.
234        -->
235        <service
235-->[com.google.android.gms:play-services-auth:20.7.0] AndroidManifest.xml:33:9-37:51
236            android:name="com.google.android.gms.auth.api.signin.RevocationBoundService"
236-->[com.google.android.gms:play-services-auth:20.7.0] AndroidManifest.xml:34:13-89
237            android:exported="true"
237-->[com.google.android.gms:play-services-auth:20.7.0] AndroidManifest.xml:35:13-36
238            android:permission="com.google.android.gms.auth.api.signin.permission.REVOCATION_NOTIFICATION"
238-->[com.google.android.gms:play-services-auth:20.7.0] AndroidManifest.xml:36:13-107
239            android:visibleToInstantApps="true" />
239-->[com.google.android.gms:play-services-auth:20.7.0] AndroidManifest.xml:37:13-48
240
241        <activity
241-->[com.google.android.gms:play-services-base:18.1.0] AndroidManifest.xml:20:9-22:45
242            android:name="com.google.android.gms.common.api.GoogleApiActivity"
242-->[com.google.android.gms:play-services-base:18.1.0] AndroidManifest.xml:20:19-85
243            android:exported="false"
243-->[com.google.android.gms:play-services-base:18.1.0] AndroidManifest.xml:22:19-43
244            android:theme="@android:style/Theme.Translucent.NoTitleBar" />
244-->[com.google.android.gms:play-services-base:18.1.0] AndroidManifest.xml:21:19-78
245
246        <provider
246-->[com.google.firebase:firebase-common:21.0.0] AndroidManifest.xml:23:9-28:39
247            android:name="com.google.firebase.provider.FirebaseInitProvider"
247-->[com.google.firebase:firebase-common:21.0.0] AndroidManifest.xml:24:13-77
248            android:authorities="com.example.ambassadorpass.firebaseinitprovider"
248-->[com.google.firebase:firebase-common:21.0.0] AndroidManifest.xml:25:13-72
249            android:directBootAware="true"
249-->[com.google.firebase:firebase-common:21.0.0] AndroidManifest.xml:26:13-43
250            android:exported="false"
250-->[com.google.firebase:firebase-common:21.0.0] AndroidManifest.xml:27:13-37
251            android:initOrder="100" />
251-->[com.google.firebase:firebase-common:21.0.0] AndroidManifest.xml:28:13-36
252        <provider
252-->[androidx.emoji2:emoji2:1.3.0] AndroidManifest.xml:24:9-32:20
253            android:name="androidx.startup.InitializationProvider"
253-->[androidx.emoji2:emoji2:1.3.0] AndroidManifest.xml:25:13-67
254            android:authorities="com.example.ambassadorpass.androidx-startup"
254-->[androidx.emoji2:emoji2:1.3.0] AndroidManifest.xml:26:13-68
255            android:exported="false" >
255-->[androidx.emoji2:emoji2:1.3.0] AndroidManifest.xml:27:13-37
256            <meta-data
256-->[androidx.emoji2:emoji2:1.3.0] AndroidManifest.xml:29:13-31:52
257                android:name="androidx.emoji2.text.EmojiCompatInitializer"
257-->[androidx.emoji2:emoji2:1.3.0] AndroidManifest.xml:30:17-75
258                android:value="androidx.startup" />
258-->[androidx.emoji2:emoji2:1.3.0] AndroidManifest.xml:31:17-49
259            <meta-data
259-->[androidx.lifecycle:lifecycle-process:2.8.7] AndroidManifest.xml:29:13-31:52
260                android:name="androidx.lifecycle.ProcessLifecycleInitializer"
260-->[androidx.lifecycle:lifecycle-process:2.8.7] AndroidManifest.xml:30:17-78